{
"contracts/Raffle.sol":{"l":{"59":0,"60":0,"61":0,"62":0,"63":0,"64":0,"65":0,"66":0,"70":0,"71":0,"73":0,"74":0,"88":0,"89":0,"90":0,"91":0,"92":0,"96":0,"97":0,"98":0,"103":0,"104":0,"112":0,"119":0,"120":0,"121":0,"122":0,"123":0,"124":0,"125":0,"126":0,"128":0,"129":0,"133":0,"137":0,"141":0,"145":0,"149":0,"153":0,"157":0,"161":0},"path":"/root/practicefolder/hardhat-smartcontract-lottery/contracts/Raffle.sol","s":{"1":0,"2":0,"3":0,"4":0,"5":0,"6":0,"7":0,"8":0,"9":0,"10":0,"11":0,"12":0,"13":0,"14":0,"15":0,"16":0,"17":0,"18":0,"19":0,"20":0,"21":0,"22":0,"23":0,"24":0,"25":0},"b":{"1":[0,0],"2":[0,0],"3":[0,0],"4":[0,0]},"f":{"1":0,"2":0,"3":0,"4":0,"5":0,"6":0,"7":0,"8":0,"9":0,"10":0,"11":0,"12":0,"13":0},"fnMap":{"1":{"name":"constructor","line":57,"loc":{"start":{"line":50,"column":4},"end":{"line":67,"column":4}}},"2":{"name":"enterRaffle","line":69,"loc":{"start":{"line":69,"column":4},"end":{"line":75,"column":4}}},"3":{"name":"checkUpkeep","line":85,"loc":{"start":{"line":85,"column":4},"end":{"line":93,"column":4}}},"4":{"name":"performUpkeep","line":95,"loc":{"start":{"line":95,"column":4},"end":{"line":113,"column":4}}},"5":{"name":"fulfillRandomWords","line":115,"loc":{"start":{"line":115,"column":4},"end":{"line":130,"column":4}}},"6":{"name":"getEntranceFee","line":132,"loc":{"start":{"line":132,"column":4},"end":{"line":134,"column":4}}},"7":{"name":"getPlayer","line":136,"loc":{"start":{"line":136,"column":4},"end":{"line":138,"column":4}}},"8":{"name":"getRecentWinner","line":140,"loc":{"start":{"line":140,"column":4},"end":{"line":142,"column":4}}},"9":{"name":"getNumWords","line":144,"loc":{"start":{"line":144,"column":4},"end":{"line":146,"column":4}}},"10":{"name":"getRaffleState","line":148,"loc":{"start":{"line":148,"column":4},"end":{"line":150,"column":4}}},"11":{"name":"getLatestTimeStamp","line":152,"loc":{"start":{"line":152,"column":4},"end":{"line":154,"column":4}}},"12":{"name":"getNumberOfPlayers","line":156,"loc":{"start":{"line":156,"column":4},"end":{"line":158,"column":4}}},"13":{"name":"getInterval","line":160,"loc":{"start":{"line":160,"column":4},"end":{"line":162,"column":4}}}},"statementMap":{"1":{"start":{"line":70,"column":8},"end":{"line":70,"column":71}},"2":{"start":{"line":71,"column":8},"end":{"line":71,"column":75}},"3":{"start":{"line":73,"column":8},"end":{"line":73,"column":42}},"4":{"start":{"line":74,"column":8},"end":{"line":74,"column":36}},"5":{"start":{"line":88,"column":8},"end":{"line":88,"column":57}},"6":{"start":{"line":89,"column":8},"end":{"line":89,"column":76}},"7":{"start":{"line":90,"column":8},"end":{"line":90,"column":48}},"8":{"start":{"line":91,"column":8},"end":{"line":91,"column":51}},"9":{"start":{"line":96,"column":8},"end":{"line":96,"column":47}},"10":{"start":{"line":97,"column":8},"end":{"line":97,"column":3712}},"11":{"start":{"line":104,"column":8},"end":{"line":104,"column":3955}},"12":{"start":{"line":112,"column":8},"end":{"line":112,"column":45}},"13":{"start":{"line":119,"column":8},"end":{"line":119,"column":65}},"14":{"start":{"line":120,"column":8},"end":{"line":120,"column":63}},"15":{"start":{"line":124,"column":8},"end":{"line":124,"column":78}},"16":{"start":{"line":125,"column":8},"end":{"line":125,"column":4757}},"17":{"start":{"line":128,"column":8},"end":{"line":128,"column":39}},"18":{"start":{"line":133,"column":8},"end":{"line":133,"column":28}},"19":{"start":{"line":137,"column":8},"end":{"line":137,"column":31}},"20":{"start":{"line":141,"column":8},"end":{"line":141,"column":29}},"21":{"start":{"line":145,"column":8},"end":{"line":145,"column":24}},"22":{"start":{"line":149,"column":8},"end":{"line":149,"column":28}},"23":{"start":{"line":153,"column":8},"end":{"line":153,"column":30}},"24":{"start":{"line":157,"column":8},"end":{"line":157,"column":31}},"25":{"start":{"line":161,"column":8},"end":{"line":161,"column":25}}},"branchMap":{"1":{"line":70,"type":"if","locations":[{"start":{"line":70,"column":8},"end":{"line":70,"column":8}},{"start":{"line":70,"column":8},"end":{"line":70,"column":8}}]},"2":{"line":71,"type":"if","locations":[{"start":{"line":71,"column":8},"end":{"line":71,"column":8}},{"start":{"line":71,"column":8},"end":{"line":71,"column":8}}]},"3":{"line":97,"type":"if","locations":[{"start":{"line":97,"column":8},"end":{"line":97,"column":8}},{"start":{"line":97,"column":8},"end":{"line":97,"column":8}}]},"4":{"line":125,"type":"if","locations":[{"start":{"line":125,"column":8},"end":{"line":125,"column":8}},{"start":{"line":125,"column":8},"end":{"line":125,"column":8}}]}}},
"contracts/test/VRFCoordinatorV2Mock.sol":{"l":{},"path":"/root/practicefolder/hardhat-smartcontract-lottery/contracts/test/VRFCoordinatorV2Mock.sol","s":{},"b":{},"f":{},"fnMap":{},"statementMap":{},"branchMap":{}}}
