TN:
SF:/root/practicefolder/hardhat-smartcontract-lottery/contracts/Raffle.sol
FN:57,constructor
FN:69,enterRaffle
FN:85,checkUpkeep
FN:95,performUpkeep
FN:115,fulfillRandomWords
FN:132,getEntranceFee
FN:136,getPlayer
FN:140,getRecentWinner
FN:144,getNumWords
FN:148,getRaffleState
FN:152,getLatestTimeStamp
FN:156,getNumberOfPlayers
FN:160,getInterval
FNF:13
FNH:0
FNDA:0,constructor
FNDA:0,enterRaffle
FNDA:0,checkUpkeep
FNDA:0,performUpkeep
FNDA:0,fulfillRandomWords
FNDA:0,getEntranceFee
FNDA:0,getPlayer
FNDA:0,getRecentWinner
FNDA:0,getNumWords
FNDA:0,getRaffleState
FNDA:0,getLatestTimeStamp
FNDA:0,getNumberOfPlayers
FNDA:0,getInterval
DA:59,0
DA:60,0
DA:61,0
DA:62,0
DA:63,0
DA:64,0
DA:65,0
DA:66,0
DA:70,0
DA:71,0
DA:73,0
DA:74,0
DA:88,0
DA:89,0
DA:90,0
DA:91,0
DA:92,0
DA:96,0
DA:97,0
DA:98,0
DA:103,0
DA:104,0
DA:112,0
DA:119,0
DA:120,0
DA:121,0
DA:122,0
DA:123,0
DA:124,0
DA:125,0
DA:126,0
DA:128,0
DA:129,0
DA:133,0
DA:137,0
DA:141,0
DA:145,0
DA:149,0
DA:153,0
DA:157,0
DA:161,0
LF:41
LH:0
BRDA:70,1,0,0
BRDA:70,1,1,0
BRDA:71,2,0,0
BRDA:71,2,1,0
BRDA:97,3,0,0
BRDA:97,3,1,0
BRDA:125,4,0,0
BRDA:125,4,1,0
BRF:8
BRH:0
end_of_record
TN:
SF:/root/practicefolder/hardhat-smartcontract-lottery/contracts/test/VRFCoordinatorV2Mock.sol
FNF:0
FNH:0
LF:0
LH:0
BRF:0
BRH:0
end_of_record
